  postfx_renderer.cc
l:\cubeexplorer\cubeexplorer\src\renderers\postfx_renderer.cc(78): warning C4267: 'argument': conversion from 'size_t' to 'GLsizei', possible loss of data
l:\cubeexplorer\cubeexplorer\src\renderers\postfx_renderer.cc(114): warning C4267: 'argument': conversion from 'size_t' to 'GLsizei', possible loss of data
l:\cubeexplorer\cubeexplorer\src\renderers\postfx_renderer.cc(194): warning C4267: 'initializing': conversion from 'size_t' to 'int', possible loss of data
l:\cubeexplorer\cubeexplorer\src\renderers\postfx_renderer.cc(195): warning C4267: 'initializing': conversion from 'size_t' to 'int', possible loss of data
l:\cubeexplorer\cubeexplorer\include\texture\mtexture.h(9): warning C4267: '=': conversion from 'size_t' to 'int32_t', possible loss of data
  l:\cubeexplorer\cubeexplorer\include\texture\mtexture.h(8): note: while compiling class template member function 'MTexture<float>::MTexture(::size_t,::size_t,const T *)'
          with
          [
              T=float
          ]
  l:\visual studio\vc\tools\msvc\14.12.25827\include\memory(2585): note: see reference to function template instantiation 'MTexture<float>::MTexture(::size_t,::size_t,const T *)' being compiled
          with
          [
              T=float
          ]
  l:\visual studio\vc\tools\msvc\14.12.25827\include\memory(2125): note: see reference to class template instantiation 'MTexture<float>' being compiled
  l:\visual studio\vc\tools\msvc\14.12.25827\include\memory(2124): note: while compiling class template member function 'void std::default_delete<_Ty>::operator ()(_Ty *) noexcept const'
          with
          [
              _Ty=MTexture<float>
          ]
  l:\visual studio\vc\tools\msvc\14.12.25827\include\memory(2339): note: see reference to function template instantiation 'void std::default_delete<_Ty>::operator ()(_Ty *) noexcept const' being compiled
          with
          [
              _Ty=MTexture<float>
          ]
  l:\visual studio\vc\tools\msvc\14.12.25827\include\memory(2175): note: see reference to class template instantiation 'std::default_delete<_Ty>' being compiled
          with
          [
              _Ty=MTexture<float>
          ]
  l:\visual studio\vc\tools\msvc\14.12.25827\include\memory(2222): note: see reference to class template instantiation 'std::_Unique_ptr_base<_Ty,_Dx>' being compiled
          with
          [
              _Ty=MTexture<float>,
              _Dx=std::default_delete<MTexture<float>>
          ]
  l:\cubeexplorer\cubeexplorer\include\renderers\postfx_renderer.h(44): note: see reference to class template instantiation 'std::unique_ptr<MTexture<float>,std::default_delete<_Ty>>' being compiled
          with
          [
              _Ty=MTexture<float>
          ]
l:\cubeexplorer\cubeexplorer\include\texture\mtexture.h(10): warning C4267: '=': conversion from 'size_t' to 'int32_t', possible loss of data
LINK : warning LNK4098: defaultlib 'MSVCRT' conflicts with use of other libs; use /NODEFAULTLIB:library
  CubeExplorer.vcxproj -> L:\CubeExplorer\CubeExplorer\vs\CubeExplorer\x64\Debug\CubeExplorer.exe
