l:\cubeexplorer\cubeexplorer\vs\cubeexplorer\x64\debug\glad.obj
l:\cubeexplorer\cubeexplorer\vs\cubeexplorer\x64\debug\nanovg.obj
l:\cubeexplorer\cubeexplorer\vs\cubeexplorer\x64\debug\vc141.pdb
l:\cubeexplorer\cubeexplorer\vs\cubeexplorer\x64\debug\entity.obj
l:\cubeexplorer\cubeexplorer\vs\cubeexplorer\x64\debug\framebuffer.obj
l:\cubeexplorer\cubeexplorer\vs\cubeexplorer\x64\debug\main.obj
l:\cubeexplorer\cubeexplorer\vs\cubeexplorer\x64\debug\player_model.obj
l:\cubeexplorer\cubeexplorer\vs\cubeexplorer\x64\debug\tree_model.obj
l:\cubeexplorer\cubeexplorer\vs\cubeexplorer\x64\debug\entity_renderer.obj
l:\cubeexplorer\cubeexplorer\vs\cubeexplorer\x64\debug\resources.obj
l:\cubeexplorer\cubeexplorer\vs\cubeexplorer\x64\debug\chunk_shader.obj
l:\cubeexplorer\cubeexplorer\vs\cubeexplorer\x64\debug\h0k_shader.obj
l:\cubeexplorer\cubeexplorer\vs\cubeexplorer\x64\debug\invert_shader.obj
l:\cubeexplorer\cubeexplorer\vs\cubeexplorer\x64\debug\fxaa_shader.obj
l:\cubeexplorer\cubeexplorer\vs\cubeexplorer\x64\debug\underwater_shader.obj
l:\cubeexplorer\cubeexplorer\vs\cubeexplorer\x64\debug\twiddle_shader.obj
l:\cubeexplorer\cubeexplorer\vs\cubeexplorer\x64\debug\block.obj
l:\cubeexplorer\cubeexplorer\vs\cubeexplorer\x64\debug\block_map.obj
l:\cubeexplorer\cubeexplorer\vs\cubeexplorer\x64\debug\camera.obj
l:\cubeexplorer\cubeexplorer\vs\cubeexplorer\x64\debug\game.obj
l:\cubeexplorer\cubeexplorer\vs\cubeexplorer\x64\debug\block_model.obj
l:\cubeexplorer\cubeexplorer\vs\cubeexplorer\x64\debug\quad2d_model.obj
l:\cubeexplorer\cubeexplorer\vs\cubeexplorer\x64\debug\block_renderer.obj
l:\cubeexplorer\cubeexplorer\vs\cubeexplorer\x64\debug\skybox_renderer.obj
l:\cubeexplorer\cubeexplorer\vs\cubeexplorer\x64\debug\block_shader.obj
l:\cubeexplorer\cubeexplorer\vs\cubeexplorer\x64\debug\clip_shader.obj
l:\cubeexplorer\cubeexplorer\vs\cubeexplorer\x64\debug\extension_shader.obj
l:\cubeexplorer\cubeexplorer\vs\cubeexplorer\x64\debug\inversion_shader.obj
l:\cubeexplorer\cubeexplorer\vs\cubeexplorer\x64\debug\normal_shader.obj
l:\cubeexplorer\cubeexplorer\vs\cubeexplorer\x64\debug\ssao_shader.obj
l:\cubeexplorer\cubeexplorer\vs\cubeexplorer\x64\debug\skybox_shader.obj
l:\cubeexplorer\cubeexplorer\vs\cubeexplorer\x64\debug\water_shader.obj
l:\cubeexplorer\cubeexplorer\vs\cubeexplorer\x64\debug\application.obj
l:\cubeexplorer\cubeexplorer\vs\cubeexplorer\x64\debug\hud_texture.obj
l:\cubeexplorer\cubeexplorer\vs\cubeexplorer\x64\debug\white_noise_generator.obj
l:\cubeexplorer\cubeexplorer\vs\cubeexplorer\x64\debug\model.obj
l:\cubeexplorer\cubeexplorer\vs\cubeexplorer\x64\debug\skybox_model.obj
l:\cubeexplorer\cubeexplorer\vs\cubeexplorer\x64\debug\chunk_renderer.obj
l:\cubeexplorer\cubeexplorer\vs\cubeexplorer\x64\debug\water_renderer.obj
l:\cubeexplorer\cubeexplorer\vs\cubeexplorer\x64\debug\dudv_shader.obj
l:\cubeexplorer\cubeexplorer\vs\cubeexplorer\x64\debug\hkt_shader.obj
l:\cubeexplorer\cubeexplorer\vs\cubeexplorer\x64\debug\light_shader.obj
l:\cubeexplorer\cubeexplorer\vs\cubeexplorer\x64\debug\lowpass_x_shader.obj
l:\cubeexplorer\cubeexplorer\vs\cubeexplorer\x64\debug\shader.obj
l:\cubeexplorer\cubeexplorer\vs\cubeexplorer\x64\debug\ftexture.obj
l:\cubeexplorer\cubeexplorer\vs\cubeexplorer\x64\debug\light.obj
l:\cubeexplorer\cubeexplorer\vs\cubeexplorer\x64\debug\player.obj
l:\cubeexplorer\cubeexplorer\vs\cubeexplorer\x64\debug\gl.obj
l:\cubeexplorer\cubeexplorer\vs\cubeexplorer\x64\debug\hud_renderer.obj
l:\cubeexplorer\cubeexplorer\vs\cubeexplorer\x64\debug\chunk_model.obj
l:\cubeexplorer\cubeexplorer\vs\cubeexplorer\x64\debug\water_model.obj
l:\cubeexplorer\cubeexplorer\vs\cubeexplorer\x64\debug\postfx_renderer.obj
l:\cubeexplorer\cubeexplorer\vs\cubeexplorer\x64\debug\butterfly_shader.obj
l:\cubeexplorer\cubeexplorer\vs\cubeexplorer\x64\debug\entity_shader.obj
l:\cubeexplorer\cubeexplorer\vs\cubeexplorer\x64\debug\hud_shader.obj
l:\cubeexplorer\cubeexplorer\vs\cubeexplorer\x64\debug\mvp_shader.obj
l:\cubeexplorer\cubeexplorer\vs\cubeexplorer\x64\debug\plain_shader.obj
l:\cubeexplorer\cubeexplorer\vs\cubeexplorer\x64\debug\shadow_shader.obj
l:\cubeexplorer\cubeexplorer\vs\cubeexplorer\x64\debug\tex_shader.obj
l:\cubeexplorer\cubeexplorer\vs\cubeexplorer\x64\debug\itexture.obj
l:\cubeexplorer\cubeexplorer\vs\cubeexplorer\x64\debug\world.obj
l:\cubeexplorer\cubeexplorer\vs\cubeexplorer\x64\debug\ssao_blur_shader.obj
l:\cubeexplorer\cubeexplorer\vs\cubeexplorer\x64\debug\sheep.obj
l:\cubeexplorer\cubeexplorer\vs\cubeexplorer\x64\debug\ssao_merge_shader.obj
l:\cubeexplorer\cubeexplorer\vs\cubeexplorer\x64\debug\sheep_model.obj
l:\cubeexplorer\cubeexplorer\vs\cubeexplorer\x64\debug\astar.obj
l:\cubeexplorer\cubeexplorer\vs\cubeexplorer\x64\debug\cube_texture.obj
l:\cubeexplorer\cubeexplorer\vs\cubeexplorer\x64\debug\config_file.obj
l:\cubeexplorer\cubeexplorer\vs\cubeexplorer\x64\debug\vc141.idb
l:\cubeexplorer\cubeexplorer\vs\cubeexplorer\x64\debug\cubeexplorer.pdb
l:\cubeexplorer\cubeexplorer\vs\cubeexplorer\x64\debug\cubeexplorer.tlog\cl.command.1.tlog
l:\cubeexplorer\cubeexplorer\vs\cubeexplorer\x64\debug\cubeexplorer.tlog\cl.read.1.tlog
l:\cubeexplorer\cubeexplorer\vs\cubeexplorer\x64\debug\cubeexplorer.tlog\cl.write.1.tlog
l:\cubeexplorer\cubeexplorer\vs\cubeexplorer\x64\debug\cubeexplorer.tlog\link.14356-cvtres.read.1.tlog
l:\cubeexplorer\cubeexplorer\vs\cubeexplorer\x64\debug\cubeexplorer.tlog\link.14356-cvtres.write.1.tlog
l:\cubeexplorer\cubeexplorer\vs\cubeexplorer\x64\debug\cubeexplorer.tlog\link.14356-rc.read.1.tlog
l:\cubeexplorer\cubeexplorer\vs\cubeexplorer\x64\debug\cubeexplorer.tlog\link.14356-rc.write.1.tlog
l:\cubeexplorer\cubeexplorer\vs\cubeexplorer\x64\debug\cubeexplorer.tlog\link.14356.read.1.tlog
l:\cubeexplorer\cubeexplorer\vs\cubeexplorer\x64\debug\cubeexplorer.tlog\link.14356.write.1.tlog
l:\cubeexplorer\cubeexplorer\vs\cubeexplorer\x64\debug\cubeexplorer.tlog\link.command.1.tlog
l:\cubeexplorer\cubeexplorer\vs\cubeexplorer\x64\debug\cubeexplorer.tlog\link.read.1.tlog
l:\cubeexplorer\cubeexplorer\vs\cubeexplorer\x64\debug\cubeexplorer.tlog\link.write.1.tlog
