l:\cubeexplorer\cubeexplorer\vs\cubeexplorer\release\glew.obj
l:\cubeexplorer\cubeexplorer\vs\cubeexplorer\release\nanovg.obj
l:\cubeexplorer\cubeexplorer\vs\cubeexplorer\release\vc141.pdb
l:\cubeexplorer\cubeexplorer\vs\cubeexplorer\release\resources.obj
l:\cubeexplorer\cubeexplorer\vs\cubeexplorer\release\skybox_renderer.obj
l:\cubeexplorer\cubeexplorer\vs\cubeexplorer\release\water_renderer.obj
l:\cubeexplorer\cubeexplorer\vs\cubeexplorer\release\chunk_renderer.obj
l:\cubeexplorer\cubeexplorer\vs\cubeexplorer\release\block_renderer.obj
l:\cubeexplorer\cubeexplorer\vs\cubeexplorer\release\skybox_model.obj
l:\cubeexplorer\cubeexplorer\vs\cubeexplorer\release\quad2d_model.obj
l:\cubeexplorer\cubeexplorer\vs\cubeexplorer\release\model.obj
l:\cubeexplorer\cubeexplorer\vs\cubeexplorer\release\chunk_model.obj
l:\cubeexplorer\cubeexplorer\vs\cubeexplorer\release\block_model.obj
l:\cubeexplorer\cubeexplorer\vs\cubeexplorer\release\white_noise_generator.obj
l:\cubeexplorer\cubeexplorer\vs\cubeexplorer\release\main.obj
l:\cubeexplorer\cubeexplorer\vs\cubeexplorer\release\hud_renderer.obj
l:\cubeexplorer\cubeexplorer\vs\cubeexplorer\release\hud_texture.obj
l:\cubeexplorer\cubeexplorer\vs\cubeexplorer\release\gl.obj
l:\cubeexplorer\cubeexplorer\vs\cubeexplorer\release\game.obj
l:\cubeexplorer\cubeexplorer\vs\cubeexplorer\release\player.obj
l:\cubeexplorer\cubeexplorer\vs\cubeexplorer\release\entity.obj
l:\cubeexplorer\cubeexplorer\vs\cubeexplorer\release\camera.obj
l:\cubeexplorer\cubeexplorer\vs\cubeexplorer\release\application.obj
l:\cubeexplorer\cubeexplorer\vs\cubeexplorer\release\block.obj
l:\cubeexplorer\cubeexplorer\vs\cubeexplorer\release\itexture.obj
l:\cubeexplorer\cubeexplorer\vs\cubeexplorer\release\ftexture.obj
l:\cubeexplorer\cubeexplorer\vs\cubeexplorer\release\water_shader.obj
l:\cubeexplorer\cubeexplorer\vs\cubeexplorer\release\twiddle_shader.obj
l:\cubeexplorer\cubeexplorer\vs\cubeexplorer\release\tex_shader.obj
l:\cubeexplorer\cubeexplorer\vs\cubeexplorer\release\skybox_shader.obj
l:\cubeexplorer\cubeexplorer\vs\cubeexplorer\release\shader.obj
l:\cubeexplorer\cubeexplorer\vs\cubeexplorer\release\normal_shader.obj
l:\cubeexplorer\cubeexplorer\vs\cubeexplorer\release\mvp_shader.obj
l:\cubeexplorer\cubeexplorer\vs\cubeexplorer\release\invert_shader.obj
l:\cubeexplorer\cubeexplorer\vs\cubeexplorer\release\inversion_shader.obj
l:\cubeexplorer\cubeexplorer\vs\cubeexplorer\release\hud_shader.obj
l:\cubeexplorer\cubeexplorer\vs\cubeexplorer\release\hkt_shader.obj
l:\cubeexplorer\cubeexplorer\vs\cubeexplorer\release\h0k_shader.obj
l:\cubeexplorer\cubeexplorer\vs\cubeexplorer\release\extension_shader.obj
l:\cubeexplorer\cubeexplorer\vs\cubeexplorer\release\clip_shader.obj
l:\cubeexplorer\cubeexplorer\vs\cubeexplorer\release\chunk_shader.obj
l:\cubeexplorer\cubeexplorer\vs\cubeexplorer\release\butterfly_shader.obj
l:\cubeexplorer\cubeexplorer\vs\cubeexplorer\release\block_shader.obj
l:\cubeexplorer\cubeexplorer\vs\cubeexplorer\release\world.obj
l:\cubeexplorer\cubeexplorer\vs\cubeexplorer\release\chunk.obj
l:\cubeexplorer\cubeexplorer\vs\cubeexplorer\release\block_map.obj
l:\cubeexplorer\cubeexplorer\vs\cubeexplorer\release\cubeexplorer.ipdb
l:\cubeexplorer\cubeexplorer\vs\cubeexplorer\release\cubeexplorer.iobj
l:\cubeexplorer\cubeexplorer\vs\cubeexplorer\release\cubeexplorer.exe
l:\cubeexplorer\cubeexplorer\vs\cubeexplorer\release\cubeexplorer.pdb
l:\cubeexplorer\cubeexplorer\vs\cubeexplorer\release\cubeexplorer.tlog\cl.command.1.tlog
l:\cubeexplorer\cubeexplorer\vs\cubeexplorer\release\cubeexplorer.tlog\cl.read.1.tlog
l:\cubeexplorer\cubeexplorer\vs\cubeexplorer\release\cubeexplorer.tlog\cl.write.1.tlog
l:\cubeexplorer\cubeexplorer\vs\cubeexplorer\release\cubeexplorer.tlog\cubeexplorer.write.1u.tlog
l:\cubeexplorer\cubeexplorer\vs\cubeexplorer\release\cubeexplorer.tlog\link.command.1.tlog
l:\cubeexplorer\cubeexplorer\vs\cubeexplorer\release\cubeexplorer.tlog\link.read.1.tlog
l:\cubeexplorer\cubeexplorer\vs\cubeexplorer\release\cubeexplorer.tlog\link.write.1.tlog
