l:\cubeexplorer\cubeexplorer\vs\cubeexplorer\x64\release\glad.obj
l:\cubeexplorer\cubeexplorer\vs\cubeexplorer\x64\release\nanovg.obj
l:\cubeexplorer\cubeexplorer\vs\cubeexplorer\x64\release\vc141.pdb
l:\cubeexplorer\cubeexplorer\vs\cubeexplorer\x64\release\player.obj
l:\cubeexplorer\cubeexplorer\vs\cubeexplorer\x64\release\gl.obj
l:\cubeexplorer\cubeexplorer\vs\cubeexplorer\x64\release\hud_renderer.obj
l:\cubeexplorer\cubeexplorer\vs\cubeexplorer\x64\release\block_model.obj
l:\cubeexplorer\cubeexplorer\vs\cubeexplorer\x64\release\quad2d_model.obj
l:\cubeexplorer\cubeexplorer\vs\cubeexplorer\x64\release\block_renderer.obj
l:\cubeexplorer\cubeexplorer\vs\cubeexplorer\x64\release\skybox_renderer.obj
l:\cubeexplorer\cubeexplorer\vs\cubeexplorer\x64\release\butterfly_shader.obj
l:\cubeexplorer\cubeexplorer\vs\cubeexplorer\x64\release\entity_shader.obj
l:\cubeexplorer\cubeexplorer\vs\cubeexplorer\x64\release\hud_shader.obj
l:\cubeexplorer\cubeexplorer\vs\cubeexplorer\x64\release\mvp_shader.obj
l:\cubeexplorer\cubeexplorer\vs\cubeexplorer\x64\release\plain_shader.obj
l:\cubeexplorer\cubeexplorer\vs\cubeexplorer\x64\release\shader.obj
l:\cubeexplorer\cubeexplorer\vs\cubeexplorer\x64\release\ftexture.obj
l:\cubeexplorer\cubeexplorer\vs\cubeexplorer\x64\release\block_map.obj
l:\cubeexplorer\cubeexplorer\vs\cubeexplorer\x64\release\camera.obj
l:\cubeexplorer\cubeexplorer\vs\cubeexplorer\x64\release\game.obj
l:\cubeexplorer\cubeexplorer\vs\cubeexplorer\x64\release\chunk_model.obj
l:\cubeexplorer\cubeexplorer\vs\cubeexplorer\x64\release\water_model.obj
l:\cubeexplorer\cubeexplorer\vs\cubeexplorer\x64\release\postfx_renderer.obj
l:\cubeexplorer\cubeexplorer\vs\cubeexplorer\x64\release\block_shader.obj
l:\cubeexplorer\cubeexplorer\vs\cubeexplorer\x64\release\dudv_shader.obj
l:\cubeexplorer\cubeexplorer\vs\cubeexplorer\x64\release\hkt_shader.obj
l:\cubeexplorer\cubeexplorer\vs\cubeexplorer\x64\release\light_shader.obj
l:\cubeexplorer\cubeexplorer\vs\cubeexplorer\x64\release\lowpass_x_shader.obj
l:\cubeexplorer\cubeexplorer\vs\cubeexplorer\x64\release\shadow_shader.obj
l:\cubeexplorer\cubeexplorer\vs\cubeexplorer\x64\release\twiddle_shader.obj
l:\cubeexplorer\cubeexplorer\vs\cubeexplorer\x64\release\block.obj
l:\cubeexplorer\cubeexplorer\vs\cubeexplorer\x64\release\light.obj
l:\cubeexplorer\cubeexplorer\vs\cubeexplorer\x64\release\application.obj
l:\cubeexplorer\cubeexplorer\vs\cubeexplorer\x64\release\hud_texture.obj
l:\cubeexplorer\cubeexplorer\vs\cubeexplorer\x64\release\white_noise_generator.obj
l:\cubeexplorer\cubeexplorer\vs\cubeexplorer\x64\release\model.obj
l:\cubeexplorer\cubeexplorer\vs\cubeexplorer\x64\release\skybox_model.obj
l:\cubeexplorer\cubeexplorer\vs\cubeexplorer\x64\release\chunk_renderer.obj
l:\cubeexplorer\cubeexplorer\vs\cubeexplorer\x64\release\water_renderer.obj
l:\cubeexplorer\cubeexplorer\vs\cubeexplorer\x64\release\clip_shader.obj
l:\cubeexplorer\cubeexplorer\vs\cubeexplorer\x64\release\extension_shader.obj
l:\cubeexplorer\cubeexplorer\vs\cubeexplorer\x64\release\inversion_shader.obj
l:\cubeexplorer\cubeexplorer\vs\cubeexplorer\x64\release\normal_shader.obj
l:\cubeexplorer\cubeexplorer\vs\cubeexplorer\x64\release\ssao_shader.obj
l:\cubeexplorer\cubeexplorer\vs\cubeexplorer\x64\release\skybox_shader.obj
l:\cubeexplorer\cubeexplorer\vs\cubeexplorer\x64\release\water_shader.obj
l:\cubeexplorer\cubeexplorer\vs\cubeexplorer\x64\release\entity.obj
l:\cubeexplorer\cubeexplorer\vs\cubeexplorer\x64\release\framebuffer.obj
l:\cubeexplorer\cubeexplorer\vs\cubeexplorer\x64\release\main.obj
l:\cubeexplorer\cubeexplorer\vs\cubeexplorer\x64\release\player_model.obj
l:\cubeexplorer\cubeexplorer\vs\cubeexplorer\x64\release\tree_model.obj
l:\cubeexplorer\cubeexplorer\vs\cubeexplorer\x64\release\entity_renderer.obj
l:\cubeexplorer\cubeexplorer\vs\cubeexplorer\x64\release\resources.obj
l:\cubeexplorer\cubeexplorer\vs\cubeexplorer\x64\release\chunk_shader.obj
l:\cubeexplorer\cubeexplorer\vs\cubeexplorer\x64\release\h0k_shader.obj
l:\cubeexplorer\cubeexplorer\vs\cubeexplorer\x64\release\invert_shader.obj
l:\cubeexplorer\cubeexplorer\vs\cubeexplorer\x64\release\fxaa_shader.obj
l:\cubeexplorer\cubeexplorer\vs\cubeexplorer\x64\release\underwater_shader.obj
l:\cubeexplorer\cubeexplorer\vs\cubeexplorer\x64\release\tex_shader.obj
l:\cubeexplorer\cubeexplorer\vs\cubeexplorer\x64\release\itexture.obj
l:\cubeexplorer\cubeexplorer\vs\cubeexplorer\x64\release\world.obj
l:\cubeexplorer\cubeexplorer\vs\cubeexplorer\x64\release\cubeexplorer.ipdb
l:\cubeexplorer\cubeexplorer\vs\cubeexplorer\x64\release\cubeexplorer.iobj
l:\cubeexplorer\cubeexplorer\vs\cubeexplorer\x64\release\cubeexplorer.exe
l:\cubeexplorer\cubeexplorer\vs\cubeexplorer\x64\release\cubeexplorer.pdb
l:\cubeexplorer\cubeexplorer\vs\cubeexplorer\x64\release\cubeexplorer.tlog\cl.command.1.tlog
l:\cubeexplorer\cubeexplorer\vs\cubeexplorer\x64\release\cubeexplorer.tlog\cl.read.1.tlog
l:\cubeexplorer\cubeexplorer\vs\cubeexplorer\x64\release\cubeexplorer.tlog\cl.write.1.tlog
l:\cubeexplorer\cubeexplorer\vs\cubeexplorer\x64\release\cubeexplorer.tlog\cubeexplorer.write.1u.tlog
l:\cubeexplorer\cubeexplorer\vs\cubeexplorer\x64\release\cubeexplorer.tlog\link.command.1.tlog
l:\cubeexplorer\cubeexplorer\vs\cubeexplorer\x64\release\cubeexplorer.tlog\link.read.1.tlog
l:\cubeexplorer\cubeexplorer\vs\cubeexplorer\x64\release\cubeexplorer.tlog\link.write.1.tlog
